[debug] [2024-11-13T07:50:57.275Z] ----------------------------------------------------------------------
[debug] [2024-11-13T07:50:57.279Z] Command:       C:\Program Files\nodejs\node.exe C:\Users\hp\AppData\Roaming\npm\node_modules\firebase-tools\lib\bin\firebase.js init
[debug] [2024-11-13T07:50:57.279Z] CLI Version:   13.25.0
[debug] [2024-11-13T07:50:57.279Z] Platform:      win32
[debug] [2024-11-13T07:50:57.279Z] Node Version:  v20.18.0
[debug] [2024-11-13T07:50:57.280Z] Time:          Wed Nov 13 2024 13:20:57 GMT+0530 (India Standard Time)
[debug] [2024-11-13T07:50:57.280Z] ----------------------------------------------------------------------
[debug] 
[debug] [2024-11-13T07:50:57.288Z] > command requires scopes: ["email","openid","https://www.googleapis.com/auth/cloudplatformprojects.readonly","https://www.googleapis.com/auth/firebase","https://www.googleapis.com/auth/cloud-platform"]
[debug] [2024-11-13T07:50:57.289Z] > authorizing via signed-in user (riteshkumarmali440@gmail.com)
[info] 
     ######## #### ########  ######## ########     ###     ######  ########
     ##        ##  ##     ## ##       ##     ##  ##   ##  ##       ##
     ######    ##  ########  ######   ########  #########  ######  ######
     ##        ##  ##    ##  ##       ##     ## ##     ##       ## ##
     ##       #### ##     ## ######## ########  ##     ##  ######  ########

You're about to initialize a Firebase project in this directory:

  D:\Library-Management-System-master

[info] 
=== Project Setup
[info] 
[info] First, let's associate this project directory with a Firebase project.
[info] You can create multiple project aliases by running firebase use --add, 
[info] but for now we'll just set up a default project.
[info] 
[debug] [2024-11-13T07:52:25.770Z] Checked if tokens are valid: true, expires at: 1731487768256
[debug] [2024-11-13T07:52:25.770Z] Checked if tokens are valid: true, expires at: 1731487768256
[debug] [2024-11-13T07:52:25.772Z] >>> [apiv2][query] GET https://firebase.googleapis.com/v1beta1/projects pageSize=100
[debug] [2024-11-13T07:52:26.637Z] <<< [apiv2][status] GET https://firebase.googleapis.com/v1beta1/projects 200
[debug] [2024-11-13T07:52:26.637Z] <<< [apiv2][body] GET https://firebase.googleapis.com/v1beta1/projects [omitted]
[info] i  Using project dnyanyogi-d4885 (dnyanyogi) 
[info] 
=== Hosting Setup
[debug] [2024-11-13T07:52:35.310Z] Checked if tokens are valid: true, expires at: 1731487768256
[debug] [2024-11-13T07:52:35.310Z] Checked if tokens are valid: true, expires at: 1731487768256
[debug] [2024-11-13T07:52:35.311Z] >>> [apiv2][query] GET https://firebase.googleapis.com/v1beta1/projects/dnyanyogi-d4885 [none]
[debug] [2024-11-13T07:52:35.842Z] <<< [apiv2][status] GET https://firebase.googleapis.com/v1beta1/projects/dnyanyogi-d4885 200
[debug] [2024-11-13T07:52:35.843Z] <<< [apiv2][body] GET https://firebase.googleapis.com/v1beta1/projects/dnyanyogi-d4885 {"projectId":"dnyanyogi-d4885","projectNumber":"825633455053","displayName":"dnyanyogi","name":"projects/dnyanyogi-d4885","resources":{"hostingSite":"dnyanyogi-d4885"},"state":"ACTIVE","etag":"1_6079b23f-8c32-4b7f-9faa-d2dfb4a9accb"}
[info] 
[info] Your public directory is the folder (relative to your project directory) that
[info] will contain Hosting assets to be uploaded with firebase deploy. If you
[info] have a build process for your assets, use your build's output directory.
[info] 
